Linux version 2.4.2-ac5 (chris@ludwig-alpha) (gcc version 3.0 20010226 (prerelease)) #24 Tue Feb 27 10:04:21 CET 2001
Booting on EB164 variation LX164 using machine vector LX164 from SRM
Command line: root=/dev/sda3
memcluster 0, usage 1, start        0, end      256
memcluster 1, usage 0, start      256, end    32758
memcluster 2, usage 1, start    32758, end    32768
freeing pages 256:384
freeing pages 682:32758
pci: cia revision 1 (pyxis)
On node 0 totalpages: 32768
zone(0): 32768 pages.
zone(1): 0 pages.
zone(2): 0 pages.
Kernel command line: root=/dev/sda3
Using epoch = 1980
Console: colour VGA+ 80x25
Calibrating delay loop... 1191.08 BogoMIPS
Memory: 253496k/262064k available (1381k kernel code, 6520k reserved, 318k data, 296k init)
Dentry-cache hash table entries: 32768 (order: 6, 524288 bytes)
Buffer-cache hash table entries: 8192 (order: 3, 65536 bytes)
Page-cache hash table entries: 32768 (order: 5, 262144 bytes)
Inode-cache hash table entries: 16384 (order: 5, 262144 bytes)
POSIX conformance testing by UNIFIX
pci: passed tb register update test
pci: passed sg loopback i/o read test
pci: passed tbia test
pci: passed pte write cache snoop test
pci: failed valid tag invalid pte reload test (mcheck; workaround available)
pci: passed pci machine check test
  got res[8000:80ff] for resource 0 of Symbios Logic Inc. (formerly NCR) 53c875
  got res[8400:84ff] for resource 0 of Adaptec AIC-7881U
  got res[8800:887f] for resource 0 of Digital Equipment Corporation DECchip 21140 [FasterNet]
  got res[8880:888f] for resource 4 of CMD Technology Inc PCI0646
  got res[9000000:9ffffff] for resource 0 of Matrox Graphics, Inc. MGA 2164W [Millennium II]
  got res[a000000:a7fffff] for resource 2 of Matrox Graphics, Inc. MGA 2164W [Millennium II]
  got res[a800000:a83ffff] for resource 6 of Digital Equipment Corporation DECchip 21140 [FasterNet]
  got res[a840000:a84ffff] for resource 6 of Symbios Logic Inc. (formerly NCR) 53c875
  got res[a850000:a85ffff] for resource 6 of Adaptec AIC-7881U
  got res[a860000:a86ffff] for resource 6 of Matrox Graphics, Inc. MGA 2164W [Millennium II]
  got res[a870000:a873fff] for resource 1 of Matrox Graphics, Inc. MGA 2164W [Millennium II]
  got res[a874000:a874fff] for resource 2 of Symbios Logic Inc. (formerly NCR) 53c875
  got res[a875000:a875fff] for resource 1 of Adaptec AIC-7881U
  got res[a876000:a8760ff] for resource 1 of Symbios Logic Inc. (formerly NCR) 53c875
  got res[a877000:a87707f] for resource 1 of Digital Equipment Corporation DECchip 21140 [FasterNet]
PCI enable device: (Digital Equipment Corporation DECchip 21140 [FasterNet])
  cmd reg 0x7
PCI enable device: (Symbios Logic Inc. (formerly NCR) 53c875)
  cmd reg 0x7
PCI enable device: (Adaptec AIC-7881U)
  cmd reg 0x7
PCI enable device: (Intel Corporation 82378IB [SIO ISA Bridge])
  cmd reg 0x7
PCI enable device: (Matrox Graphics, Inc. MGA 2164W [Millennium II])
  cmd reg 0x7
PCI enable device: (CMD Technology Inc PCI0646)
  cmd reg 0x5
SMC FDC37C93X Ultra I/O Controller found @ 0x370
Linux NET4.0 for Linux 2.4
Based upon Swansea University Computer Society NET3.039
Starting kswapd v1.8
pty: 256 Unix98 ptys configured
block: queued sectors max/low 168101kB/56033kB, 512 slots per queue
Uniform Multi-Platform E-IDE driver Revision: 6.31
ide: Assuming 33MHz system bus speed for PIO modes; override with idebus=xx
CMD646: IDE controller on PCI bus 00 dev 58
CMD646: chipset revision 1
CMD646: not 100% native mode: will probe irqs later
CMD646: chipset revision 0x01, MultiWord DMA Limited, IRQ workaround enabled
    ide0: BM-DMA at 0x8880-0x8887, BIOS settings: hda:pio, hdb:pio
    ide1: BM-DMA at 0x8888-0x888f, BIOS settings: hdc:pio, hdd:pio
hda: CD-524EA, ATAPI CD/DVD-ROM drive
ide: Assuming 33MHz system bus speed for PIO modes; override with idebus=xx
ide0 at 0x1f0-0x1f7,0x3f6 on irq 14
hda: set_drive_speed_status: status=0x51 { DriveReady SeekComplete Error }
hda: set_drive_speed_status: error=0x04
hda: ATAPI 24X CD-ROM drive, 128kB Cache
Uniform CD-ROM driver Revision: 3.12
Floppy drive(s): fd0 is 2.88M
FDC 0 is a post-1991 82077
rtc: ARC console epoch (1980) detected
Real Time Clock Driver v1.10d
SCSI subsystem driver Revision: 1.00
(scsi0) <Adaptec AHA-294X Ultra SCSI host adapter> found at PCI 0/7/0
(scsi0) Wide Channel, SCSI ID=7, 16/255 SCBs
(scsi0) Downloading sequencer code... 436 instructions downloaded
scsi0: Adaptec AHA274x/284x/294x (EISA/VLB/PCI-Fast SCSI) 5.2.3/5.2.0
       <Adaptec AHA-294X Ultra SCSI host adapter>
  Vendor: SEAGATE   Model: ST15150N          Rev: 0022
  Type:   Direct-Access                      ANSI SCSI revision: 02
sym53c8xx: at PCI bus 0, device 6, function 0
sym53c8xx: setting PCI_COMMAND_PARITY...(fix-up)
sym53c8xx: 53c875 detected with Symbios NVRAM
sym53c875-0: rev 0x4 on pci bus 0 device 6 function 0 irq 16
sym53c875-0: NCR clock is 39857KHz
sym53c875-0: Symbios format NVRAM, ID 7, Fast-20, Parity Checking
sym53c875-0: initial SCNTL3/DMODE/DCNTL/CTEST3/4/5 = (hex) 00/00/00/00/00/00
sym53c875-0: final   SCNTL3/DMODE/DCNTL/CTEST3/4/5 = (hex) 05/46/80/00/08/24
sym53c875-0: on-chip RAM at 0xa874000
sym53c875-0: Delay (GEN=11): 267 msec, 33289 KHz
sym53c875-0: Delay (GEN=11): 267 msec, 33289 KHz
sym53c875-0: Delay (GEN=11): 267 msec, 33289 KHz
sym53c875-0: resetting, command processing suspended for 2 seconds
sym53c875-0: restart (scsi reset).
sym53c875-0: enabling clock multiplier
sym53c875-0: Downloading SCSI SCRIPTS.
scsi1: sym53c8xx - version 1.6b
sym53c875-0: command processing resumed
  Vendor: SEAGATE   Model: ST19101W          Rev: 0014
  Type:   Direct-Access                      ANSI SCSI revision: 02
  Vendor: iomega    Model: jaz 1GB           Rev: J.83
  Type:   Direct-Access                      ANSI SCSI revision: 02
sym53c875-0-<1,0>: tagged command queue depth set to 8
Attached scsi disk sda at scsi0, channel 0, id 0, lun 0
Attached scsi disk sdb at scsi1, channel 0, id 1, lun 0
Attached scsi removable disk sdc at scsi1, channel 0, id 4, lun 0
(scsi0:0:0:0) Synchronous at 10.0 Mbyte/sec, offset 15.
SCSI device sda: 8388315 512-byte hdwr sectors (4295 MB)
Partition check:
 sda: sda1 sda2 sda3
sym53c875-0-<1,0>: wide msgout: 1-2-3-1.
sym53c875-0-<1,0>: wide msgin: 1-2-3-1.
sym53c875-0-<1,0>: wide: wide=1 chg=0.
sym53c875-0-<1,*>: WIDE SCSI (16 bit) enabled.
sym53c875-0-<1,0>: wide msgout: 1-2-3-1.
sym53c875-0-<1,0>: wide msgin: 1-2-3-1.
sym53c875-0-<1,0>: wide: wide=1 chg=0.
sym53c875-0-<1,0>: sync msgout: 1-3-1-c-10.
sym53c875-0-<1,0>: sync msg in: 1-3-1-c-f.
sym53c875-0-<1,0>: sync: per=12 scntl3=0x90 scntl4=0x0 ofs=15 fak=0 chg=0.
sym53c875-0-<1,*>: FAST-20 WIDE SCSI 40.0 MB/s (50 ns, offset 15)
SCSI device sdb: 17783240 512-byte hdwr sectors (9105 MB)
 sdb: sdb1 sdb2 sdb3 sdb4 sdb5
sym53c875-0-<4,0>: sync msgout: 1-3-1-c-10.
sym53c875-0-<4,0>: sync msg in: 1-3-1-19-f.
sym53c875-0-<4,0>: sync: per=25 scntl3=0x30 scntl4=0x0 ofs=15 fak=0 chg=0.
sym53c875-0-<4,*>: FAST-10 SCSI 10.0 MB/s (100 ns, offset 15)
sym53c875-0-<4,0>: sync msgout: 1-3-1-c-10.
sym53c875-0-<4,0>: sync msg in: 1-3-1-19-f.
sym53c875-0-<4,0>: sync: per=25 scntl3=0x30 scntl4=0x0 ofs=15 fak=0 chg=0.
sym53c875-0-<4,0>: sync msgout: 1-3-1-c-10.
sym53c875-0-<4,0>: sync msg in: 1-3-1-19-f.
sym53c875-0-<4,0>: sync: per=25 scntl3=0x30 scntl4=0x0 ofs=15 fak=0 chg=0.
sym53c875-0-<4,0>: sync msgout: 1-3-1-c-10.
sym53c875-0-<4,0>: sync msg in: 1-3-1-19-f.
sym53c875-0-<4,0>: sync: per=25 scntl3=0x30 scntl4=0x0 ofs=15 fak=0 chg=0.
sym53c875-0-<4,0>: sync msgout: 1-3-1-c-10.
sym53c875-0-<4,0>: sync msg in: 1-3-1-19-f.
sym53c875-0-<4,0>: sync: per=25 scntl3=0x30 scntl4=0x0 ofs=15 fak=0 chg=0.
sym53c875-0-<4,0>: sync msgout: 1-3-1-c-10.
sym53c875-0-<4,0>: sync msg in: 1-3-1-19-f.
sym53c875-0-<4,0>: sync: per=25 scntl3=0x30 scntl4=0x0 ofs=15 fak=0 chg=0.
sdc: READ CAPACITY failed.
sdc: status = 1, message = 00, host = 0, driver = 28 
sdc: extended sense code = 2 
sdc: block size assumed to be 512 bytes, disk size 1GB.  
 sdc: I/O error: dev 08:20, sector 0
 unable to read partition table
NET4: Linux TCP/IP 1.0 for NET4.0
IP Protocols: ICMP, UDP, TCP
IP: routing cache hash table of 4096 buckets, 32Kbytes
TCP: Hash tables configured (established 32768 bind 32768)
NET4: Unix domain sockets 1.0/SMP for Linux NET4.0.
VFS: Mounted root (ext2 filesystem) readonly.
Freeing unused kernel memory: 296k freed
Adding Swap: 263864k swap-space (priority -1)
Soundblaster audio driver Copyright (C) by Hannu Savolainen 1993-1996
SB 3.01 detected OK (220)
ESS chip ES1688 specified
<ESS ES1688 AudioDrive (rev 11) (3.01)> at 0x220 irq 5 dma 1
Linux Tulip driver version 0.9.14a (February 23, 2001)
eth0: Digital DS21140 Tulip rev 34 at 0x8800, 00:80:C8:6E:D5:29, IRQ 18.
eth0:  EEPROM default media type Autosense.
eth0:  Index #0 - Media MII (#11) described by a 21140 MII PHY (1) block.
eth0:  MII transceiver #0 config 0000 status 780d advertising 0001.
eth0:  Advertising 01e1 on PHY 0, previously advertising 0001.
Winbond Super-IO detection, now testing ports 3F0,370,250,4E,2E ...
SMSC Super-IO detection, now testing Ports 2F0, 370 ...
parport0: PC-style at 0x3bc [PCSPP]
parport0: cpp_daisy: aa5500ff(98)
parport0: assign_addrs: aa5500ff(98)
parport0: cpp_daisy: aa5500ff(98)
parport0: assign_addrs: aa5500ff(98)
lp0: using parport0 (polling).
sshd2(475): unaligned trap at 000000012001e55c: 000000011ffff5dc 2d 1
sshd2(475): unaligned trap at 000000012001e55c: 000000011ffff5e4 2d 1

